2020-05-07 15:51:29,858 INFO notifyConnectTimeout:200

2020-05-07 15:51:29,860 INFO notifySocketTimeout:8000

2020-05-07 15:51:29,860 INFO isHealthCheck:true

2020-05-07 15:51:29,860 INFO maxHealthCheckFailCount:12

2020-05-07 15:51:29,861 INFO maxContent:10485760

2020-05-07 15:51:33,331 INFO ServerListService address-server port:8080

2020-05-07 15:51:33,331 INFO ADDRESS_SERVER_URL:http://jmenv.tbsite.net:8080/nacos/serverlist

2020-05-07 15:51:33,332 WARN [serverlist] updated to [192.169.0.146:8848]

2020-05-07 15:51:33,470 WARN DumpService start

2020-05-07 15:51:33,473 INFO start clear all config-info.

2020-05-07 15:51:33,484 WARN clear all config-info failed.

2020-05-07 15:51:33,486 WARN clear all config-info-tenant failed.

2020-05-07 15:51:33,599 INFO start clear all config-info-beta.

2020-05-07 15:51:33,600 WARN clear all config-info-beta failed.

2020-05-07 15:51:33,600 WARN clear all config-info-beta-tenant failed.

2020-05-07 15:51:33,612 INFO start clear all config-info-tag.

2020-05-07 15:51:33,613 WARN clear all config-info-tag failed.

2020-05-07 15:51:33,613 WARN clear all config-info-tag-tenant failed.

2020-05-07 16:00:54,224 INFO notifyConnectTimeout:200

2020-05-07 16:00:54,227 INFO notifySocketTimeout:8000

2020-05-07 16:00:54,227 INFO isHealthCheck:true

2020-05-07 16:00:54,227 INFO maxHealthCheckFailCount:12

2020-05-07 16:00:54,228 INFO maxContent:10485760

2020-05-07 16:00:55,047 INFO Schema 'NACOS' already exists.

2020-05-07 16:00:55,107 INFO Table/View 'CONFIG_INFO' already exists in Schema 'NACOS'.

2020-05-07 16:00:55,154 INFO Table/View 'HIS_CONFIG_INFO' already exists in Schema 'NACOS'.

2020-05-07 16:00:55,175 INFO Table/View 'CONFIG_INFO_BETA' already exists in Schema 'NACOS'.

2020-05-07 16:00:55,185 INFO Table/View 'CONFIG_INFO_TAG' already exists in Schema 'NACOS'.

2020-05-07 16:00:55,194 INFO Table/View 'CONFIG_INFO_AGGR' already exists in Schema 'NACOS'.

2020-05-07 16:00:55,205 INFO Table/View 'APP_LIST' already exists in Schema 'NACOS'.

2020-05-07 16:00:55,226 INFO Table/View 'APP_CONFIGDATA_RELATION_SUBS' already exists in Schema 'NACOS'.

2020-05-07 16:00:55,237 INFO Table/View 'APP_CONFIGDATA_RELATION_PUBS' already exists in Schema 'NACOS'.

2020-05-07 16:00:55,246 INFO Table/View 'CONFIG_TAGS_RELATION' already exists in Schema 'NACOS'.

2020-05-07 16:00:55,259 INFO Table/View 'GROUP_CAPACITY' already exists in Schema 'NACOS'.

2020-05-07 16:00:55,289 INFO Table/View 'TENANT_CAPACITY' already exists in Schema 'NACOS'.

2020-05-07 16:00:55,297 INFO Table/View 'TENANT_INFO' already exists in Schema 'NACOS'.

2020-05-07 16:00:55,311 INFO Table/View 'USERS' already exists in Schema 'NACOS'.

2020-05-07 16:00:55,319 INFO Table/View 'ROLES' already exists in Schema 'NACOS'.

2020-05-07 16:00:55,327 INFO Table/View 'PERMISSIONS' already exists in Schema 'NACOS'.

2020-05-07 16:00:55,413 INFO The statement was aborted because it would have caused a duplicate key value in a unique or primary key constraint or unique index identified by 'SQL200507155131430' defined on 'USERS'.

2020-05-07 16:00:55,419 INFO The statement was aborted because it would have caused a duplicate key value in a unique or primary key constraint or unique index identified by 'UK_USERNAME_ROLE' defined on 'ROLES'.

2020-05-07 16:00:56,575 INFO ServerListService address-server port:8080

2020-05-07 16:00:56,575 INFO ADDRESS_SERVER_URL:http://jmenv.tbsite.net:8080/nacos/serverlist

2020-05-07 16:00:56,576 WARN [serverlist] updated to [192.169.0.146:8848]

2020-05-07 16:00:56,662 WARN DumpService start

2020-05-07 16:00:56,665 INFO start clear all config-info.

2020-05-07 16:00:56,671 WARN clear all config-info failed.

2020-05-07 16:00:56,671 WARN clear all config-info-tenant failed.

2020-05-07 16:00:56,743 INFO start clear all config-info-beta.

2020-05-07 16:00:56,745 WARN clear all config-info-beta failed.

2020-05-07 16:00:56,745 WARN clear all config-info-beta-tenant failed.

2020-05-07 16:00:56,761 INFO start clear all config-info-tag.

2020-05-07 16:00:56,762 WARN clear all config-info-tag failed.

2020-05-07 16:00:56,763 WARN clear all config-info-tag-tenant failed.

